<?xml version="1.0" encoding="UTF-8"?>
<!-- Generated by org.testng.reporters.JUnitXMLReporter -->
<testsuite ignored="0" hostname="INBLRLPDGL6FG3" failures="0" tests="2" name="Sequential Tests" time="64.522" errors="0" timestamp="2025-01-15T19:12:46 IST">
  <testcase classname="io.cucumber.testng.AbstractTestNGCucumberTests" name="runScenario" time="51.339"/>
  <testcase classname="io.cucumber.testng.AbstractTestNGCucumberTests" name="runScenario" time="12.731"/>
</testsuite> <!-- Sequential Tests -->
