<?xml version="1.0" encoding="UTF-8"?>
<testng-results ignored="0" total="4" passed="4" failed="0" skipped="0">
  <reporter-output>
  </reporter-output>
  <suite started-at="2025-01-15T19:11:42 IST" name="Cucumber Tests" finished-at="2025-01-15T19:13:10 IST" duration-ms="87876">
    <groups>
      <group name="cucumber">
        <method signature="AbstractTestNGCucumberTests.runScenario(io.cucumber.testng.PickleWrapper,io.cucumber.testng.FeatureWrapper)[pri:0, instance:com.testrunner.ApplicationRunner@7817fd62]" name="runScenario" class="io.cucumber.testng.AbstractTestNGCucumberTests"/>
        <method signature="AbstractTestNGCucumberTests.runScenario(io.cucumber.testng.PickleWrapper,io.cucumber.testng.FeatureWrapper)[pri:0, instance:com.testrunner.ParallelTestRunner@3af9c5b7]" name="runScenario" class="io.cucumber.testng.AbstractTestNGCucumberTests"/>
      </group> <!-- cucumber -->
    </groups>
    <test started-at="2025-01-15T19:11:42 IST" name="Sequential Tests" finished-at="2025-01-15T19:12:46 IST" duration-ms="64522">
      <class name="com.testrunner.ApplicationRunner">
        <test-method is-config="true" signature="setUpClass(org.testng.ITestContext)[pri:0, instance:com.testrunner.ApplicationRunner@7817fd62]" started-at="2025-01-15T19:11:42 IST" name="setUpClass" finished-at="2025-01-15T19:11:42 IST" duration-ms="390" status="PASS">
          <params>
            <param index="0">
              <value>
                <![CDATA[org.testng.TestRunner@260a3a5e]]>
              </value>
            </param>
          </params>
          <reporter-output>
          </reporter-output>
        </test-method> <!-- setUpClass -->
        <test-method signature="runScenario(io.cucumber.testng.PickleWrapper,io.cucumber.testng.FeatureWrapper)[pri:0, instance:com.testrunner.ApplicationRunner@7817fd62]" started-at="2025-01-15T19:11:42 IST" name="runScenario" description="Runs Cucumber Scenarios" data-provider="scenarios" finished-at="2025-01-15T19:12:33 IST" duration-ms="51339" status="PASS">
          <params>
            <param index="0">
              <value>
                <![CDATA["Fill the registration form"]]>
              </value>
            </param>
            <param index="1">
              <value>
                <![CDATA["Registration Page Feature"]]>
              </value>
            </param>
          </params>
          <reporter-output>
          </reporter-output>
        </test-method> <!-- runScenario -->
        <test-method signature="runScenario(io.cucumber.testng.PickleWrapper,io.cucumber.testng.FeatureWrapper)[pri:0, instance:com.testrunner.ApplicationRunner@7817fd62]" started-at="2025-01-15T19:12:33 IST" name="runScenario" description="Runs Cucumber Scenarios" data-provider="scenarios" finished-at="2025-01-15T19:12:46 IST" duration-ms="12731" status="PASS">
          <params>
            <param index="0">
              <value>
                <![CDATA["Login in application with valid credentials"]]>
              </value>
            </param>
            <param index="1">
              <value>
                <![CDATA["Login Page Feature"]]>
              </value>
            </param>
          </params>
          <reporter-output>
          </reporter-output>
        </test-method> <!-- runScenario -->
        <test-method is-config="true" signature="tearDownClass()[pri:0, instance:com.testrunner.ApplicationRunner@7817fd62]" started-at="2025-01-15T19:12:46 IST" name="tearDownClass" finished-at="2025-01-15T19:12:46 IST" duration-ms="29" status="PASS">
          <reporter-output>
          </reporter-output>
        </test-method> <!-- tearDownClass -->
      </class> <!-- com.testrunner.ApplicationRunner -->
    </test> <!-- Sequential Tests -->
    <test started-at="2025-01-15T19:12:46 IST" name="Registartion and Login Tests" finished-at="2025-01-15T19:13:10 IST" duration-ms="23325">
      <class name="com.testrunner.ParallelTestRunner">
        <test-method is-config="true" signature="setUpClass(org.testng.ITestContext)[pri:0, instance:com.testrunner.ParallelTestRunner@3af9c5b7]" started-at="2025-01-15T19:12:46 IST" name="setUpClass" finished-at="2025-01-15T19:12:46 IST" duration-ms="15" status="PASS">
          <params>
            <param index="0">
              <value>
                <![CDATA[org.testng.TestRunner@49206065]]>
              </value>
            </param>
          </params>
          <reporter-output>
          </reporter-output>
        </test-method> <!-- setUpClass -->
        <test-method signature="runScenario(io.cucumber.testng.PickleWrapper,io.cucumber.testng.FeatureWrapper)[pri:0, instance:com.testrunner.ParallelTestRunner@3af9c5b7]" started-at="2025-01-15T19:12:46 IST" name="runScenario" description="Runs Cucumber Scenarios" data-provider="scenarios" finished-at="2025-01-15T19:13:09 IST" duration-ms="23280" status="PASS">
          <params>
            <param index="0">
              <value>
                <![CDATA["Registration Page Title"]]>
              </value>
            </param>
            <param index="1">
              <value>
                <![CDATA["Registration Page Feature"]]>
              </value>
            </param>
          </params>
          <reporter-output>
          </reporter-output>
        </test-method> <!-- runScenario -->
        <test-method signature="runScenario(io.cucumber.testng.PickleWrapper,io.cucumber.testng.FeatureWrapper)[pri:0, instance:com.testrunner.ParallelTestRunner@3af9c5b7]" started-at="2025-01-15T19:12:46 IST" name="runScenario" description="Runs Cucumber Scenarios" data-provider="scenarios" finished-at="2025-01-15T19:13:04 IST" duration-ms="17356" status="PASS">
          <params>
            <param index="0">
              <value>
                <![CDATA["Login Page Title"]]>
              </value>
            </param>
            <param index="1">
              <value>
                <![CDATA["Login Page Feature"]]>
              </value>
            </param>
          </params>
          <reporter-output>
          </reporter-output>
        </test-method> <!-- runScenario -->
        <test-method is-config="true" signature="tearDownClass()[pri:0, instance:com.testrunner.ParallelTestRunner@3af9c5b7]" started-at="2025-01-15T19:13:09 IST" name="tearDownClass" finished-at="2025-01-15T19:13:10 IST" duration-ms="20" status="PASS">
          <reporter-output>
          </reporter-output>
        </test-method> <!-- tearDownClass -->
      </class> <!-- com.testrunner.ParallelTestRunner -->
    </test> <!-- Registartion and Login Tests -->
  </suite> <!-- Cucumber Tests -->
</testng-results>
