<?xml version="1.0" encoding="UTF-8"?>
<testng-results ignored="0" total="4" passed="4" failed="0" skipped="0">
  <reporter-output>
  </reporter-output>
  <suite started-at="2025-01-03T17:29:29 IST" name="Cucumber POM Assessment Suite" finished-at="2025-01-03T17:34:46 IST" duration-ms="317100">
    <groups>
      <group name="cucumber">
        <method signature="AbstractTestNGCucumberTests.runScenario(io.cucumber.testng.PickleWrapper,io.cucumber.testng.FeatureWrapper)[pri:0, instance:com.testrunner.ApplicationRunner@61322f9d]" name="runScenario" class="io.cucumber.testng.AbstractTestNGCucumberTests"/>
      </group> <!-- cucumber -->
    </groups>
    <test started-at="2025-01-03T17:29:29 IST" name="Registartion and Login Tests" finished-at="2025-01-03T17:34:46 IST" duration-ms="317100">
      <class name="com.testrunner.ApplicationRunner">
        <test-method is-config="true" signature="setUpClass(org.testng.ITestContext)[pri:0, instance:com.testrunner.ApplicationRunner@61322f9d]" started-at="2025-01-03T17:29:29 IST" name="setUpClass" finished-at="2025-01-03T17:29:29 IST" duration-ms="304" status="PASS">
          <params>
            <param index="0">
              <value>
                <![CDATA[org.testng.TestRunner@26f7cdf8]]>
              </value>
            </param>
          </params>
          <reporter-output>
          </reporter-output>
        </test-method> <!-- setUpClass -->
        <test-method signature="runScenario(io.cucumber.testng.PickleWrapper,io.cucumber.testng.FeatureWrapper)[pri:0, instance:com.testrunner.ApplicationRunner@61322f9d]" started-at="2025-01-03T17:29:29 IST" name="runScenario" description="Runs Cucumber Scenarios" data-provider="scenarios" finished-at="2025-01-03T17:30:42 IST" duration-ms="72936" status="PASS">
          <params>
            <param index="0">
              <value>
                <![CDATA["Registration Page Title"]]>
              </value>
            </param>
            <param index="1">
              <value>
                <![CDATA["Registration Page Feature"]]>
              </value>
            </param>
          </params>
          <reporter-output>
          </reporter-output>
        </test-method> <!-- runScenario -->
        <test-method signature="runScenario(io.cucumber.testng.PickleWrapper,io.cucumber.testng.FeatureWrapper)[pri:0, instance:com.testrunner.ApplicationRunner@61322f9d]" started-at="2025-01-03T17:30:42 IST" name="runScenario" description="Runs Cucumber Scenarios" data-provider="scenarios" finished-at="2025-01-03T17:31:43 IST" duration-ms="61240" status="PASS">
          <params>
            <param index="0">
              <value>
                <![CDATA["Fill the registration form"]]>
              </value>
            </param>
            <param index="1">
              <value>
                <![CDATA["Registration Page Feature"]]>
              </value>
            </param>
          </params>
          <reporter-output>
          </reporter-output>
        </test-method> <!-- runScenario -->
        <test-method signature="runScenario(io.cucumber.testng.PickleWrapper,io.cucumber.testng.FeatureWrapper)[pri:0, instance:com.testrunner.ApplicationRunner@61322f9d]" started-at="2025-01-03T17:31:43 IST" name="runScenario" description="Runs Cucumber Scenarios" data-provider="scenarios" finished-at="2025-01-03T17:32:45 IST" duration-ms="61514" status="PASS">
          <params>
            <param index="0">
              <value>
                <![CDATA["Login Page Title"]]>
              </value>
            </param>
            <param index="1">
              <value>
                <![CDATA["Login Page Feature"]]>
              </value>
            </param>
          </params>
          <reporter-output>
          </reporter-output>
        </test-method> <!-- runScenario -->
        <test-method signature="runScenario(io.cucumber.testng.PickleWrapper,io.cucumber.testng.FeatureWrapper)[pri:0, instance:com.testrunner.ApplicationRunner@61322f9d]" started-at="2025-01-03T17:32:45 IST" name="runScenario" description="Runs Cucumber Scenarios" data-provider="scenarios" finished-at="2025-01-03T17:34:46 IST" duration-ms="121063" status="PASS">
          <params>
            <param index="0">
              <value>
                <![CDATA["Login in application with valid credentials"]]>
              </value>
            </param>
            <param index="1">
              <value>
                <![CDATA["Login Page Feature"]]>
              </value>
            </param>
          </params>
          <reporter-output>
          </reporter-output>
        </test-method> <!-- runScenario -->
        <test-method is-config="true" signature="tearDownClass()[pri:0, instance:com.testrunner.ApplicationRunner@61322f9d]" started-at="2025-01-03T17:34:46 IST" name="tearDownClass" finished-at="2025-01-03T17:34:46 IST" duration-ms="2" status="PASS">
          <reporter-output>
          </reporter-output>
        </test-method> <!-- tearDownClass -->
      </class> <!-- com.testrunner.ApplicationRunner -->
    </test> <!-- Registartion and Login Tests -->
  </suite> <!-- Cucumber POM Assessment Suite -->
</testng-results>
